Configuration ([94mmodified[0m, [92madded[0m, [91mtypechanged[0m, [90mdoc[0m):
[94m  batch_size = 512[0m
  clip_value = 0.0
[94m  config = '/scratch/fz758/ucl/jack/conf/nli/snli/pytorch_esim.yaml'[0m
  debug = False
  debug_examples = 10
[94m  description = 'ESIM model https://arxiv.org/abs/1609.06038\n'[0m
[94m  dev = '/scratch/fz758/ucl/snli/data/SNLI/converted/dev.dep.jsonl'[0m
  dev_batch_size = None
[94m  dropout = 0.2[0m
[94m  embedding_file = 'data/GloVe/glove.840B.300d.memory_map_dir'[0m
[94m  embedding_format = 'memory_map_dir'[0m
[94m  epochs = 20[0m
  file_cache = False
  l2 = 0.0
[94m  learning_rate = 0.0004[0m
[94m  learning_rate_decay = 0.9[0m
[94m  load_dir = 'esim_snli'[0m
[94m  loader = 'snli'[0m
  log_interval = 100
[94m  lowercase = False[0m
  max_num_support = None
  min_learning_rate = 0.0001
[94m  name = 'esim_reader'[0m
  num_dev_examples = None
  num_train_examples = None
  optimizer = 'adam'
  output_dir = './out/'
[91m  parent_config = ['./conf/nli/esim.yaml', './conf/nli/fever/abstract_snli.yaml'][0m
[94m  reader = 'pytorch_esim_reader'[0m
[94m  repr_dim = 300[0m
  repr_dim_task_embedding = 0
[94m  save_dir = '/scratch/fz758/ucl/snli/results/esim/reader'[0m
  seed = 1337
  tensorboard_folder = None
[94m  test = '/scratch/fz758/ucl/snli/data/SNLI/converted/dev.dep.jsonl'[0m
[94m  train = '/scratch/fz758/ucl/snli/data/SNLI/converted/train.dep.jsonl'[0m
[94m  validation_interval = 1000[0m
[94m  vocab_from_embeddings = True[0m
[94m  with_char_embeddings = False[0m
  write_metrics_to = None
[94m  model:[0m
[94m    encoder_layer = [{'activation': 'tanh',
  'dropout': True,
  'input': 'hypothesis',
  'module': 'lstm',
  'name': 'encoder',
  'with_projection': True},
 {'activation': 'tanh',
  'dropout': True,
  'input': 'premise',
  'module': 'lstm',
  'name': 'encoder',
  'with_projection': True},
 {'attn_type': 'dot',
  'concat': False,
  'dependent': 'hypothesis',
  'input': 'premise',
  'module': 'attention_matching',
  'output': 'hypothesis_attn'},
 {'attn_type': 'dot',
  'concat': False,
  'dependent': 'premise',
  'input': 'hypothesis',
  'module': 'attention_matching',
  'output': 'premise_attn'},
 {'input': ['premise', 'hypothesis_attn'],
  'module': 'mul',
  'output': 'premise_mul'},
 {'input': ['premise', 'hypothesis_attn'],
  'module': 'sub',
  'output': 'premise_sub'},
 {'input': ['premise', 'hypothesis_attn', 'premise_mul', 'premise_sub'],
  'module': 'concat',
  'output': 'premise'},
 {'activation': 'relu',
  'dropout': True,
  'input': 'premise',
  'module': 'dense',
  'name': 'projection'},
 {'input': ['hypothesis', 'premise_attn'],
  'module': 'mul',
  'output': 'hypothesis_mul'},
 {'input': ['hypothesis', 'premise_attn'],
  'module': 'sub',
  'output': 'hypothesis_sub'},
 {'input': ['hypothesis', 'premise_attn', 'hypothesis_mul', 'hypothesis_sub'],
  'module': 'concat',
  'output': 'hypothesis'},
 {'activation': 'relu',
  'dropout': True,
  'input': 'hypothesis',
  'module': 'dense',
  'name': 'projection'},
 {'input': 'hypothesis', 'module': 'lstm', 'name': 'composition'},
 {'input': 'premise', 'module': 'lstm', 'name': 'composition'}][0m
[94m    prediction_layer:[0m
      dropout = True
      module = 'max_avg_mlp'
/scratch/fz758/ucl/snli/data/SNLI/converted/train.dep.jsonl
/scratch/fz758/ucl/snli/data/SNLI/converted/dev.dep.jsonl
/scratch/fz758/ucl/snli/data/SNLI/converted/dev.dep.jsonl
Prediction module: ESIM(
  (_rnn_dropout): RNNDropout(p=0.5)
  (_encoding): Seq2SeqEncoder(
    (_encoder): LSTM(300, 300, batch_first=True, bidirectional=True)
  )
  (_attention): SoftmaxAttention()
  (_projection): Sequential(
    (0): Linear(in_features=2400, out_features=300, bias=True)
    (1): ReLU()
  )
  (_composition): Seq2SeqEncoder(
    (_encoder): LSTM(300, 300, batch_first=True, bidirectional=True)
  )
  (_classification): Sequential(
    (0): Dropout(p=0.5)
    (1): Linear(in_features=2400, out_features=300, bias=True)
    (2): Tanh()
    (3): Dropout(p=0.5)
    (4): Linear(in_features=300, out_features=3, bias=True)
  )
)
Loss module: CrossEntropyLoss()
Accuracy: 0.8810201178622231
Confusion Matrix:

	             	contradiction	entailment   	neutral      
	contradiction	2849         	144          	285          
	entailment   	47           	3095         	187          
	neutral      	162          	346          	2727         
	
F1:
	contradiction: 0.8993055555555556
	entailment: 0.8952849291293028
	neutral: 0.8476841778054086
Precision:
	contradiction: 0.9316546762589928
	entailment: 0.8633193863319386
	neutral: 0.8524538918412004
Recall:
	contradiction: 0.8691275167785235
	entailment: 0.9297086212075698
	neutral: 0.842967542503864
Accuracy: 0.8810201178622231
Confusion Matrix:

	             	contradiction	entailment   	neutral      
	contradiction	2849         	144          	285          
	entailment   	47           	3095         	187          
	neutral      	162          	346          	2727         
	
F1:
	contradiction: 0.8993055555555556
	entailment: 0.8952849291293028
	neutral: 0.8476841778054086
Precision:
	contradiction: 0.9316546762589928
	entailment: 0.8633193863319386
	neutral: 0.8524538918412004
Recall:
	contradiction: 0.8691275167785235
	entailment: 0.9297086212075698
	neutral: 0.842967542503864
loading reader from file: /scratch/fz758/ucl/snli/results/esim/reader
Prediction module: ESIM(
  (_rnn_dropout): RNNDropout(p=0.5)
  (_encoding): Seq2SeqEncoder(
    (_encoder): LSTM(300, 300, batch_first=True, bidirectional=True)
  )
  (_attention): SoftmaxAttention()
  (_projection): Sequential(
    (0): Linear(in_features=2400, out_features=300, bias=True)
    (1): ReLU()
  )
  (_composition): Seq2SeqEncoder(
    (_encoder): LSTM(300, 300, batch_first=True, bidirectional=True)
  )
  (_classification): Sequential(
    (0): Dropout(p=0.5)
    (1): Linear(in_features=2400, out_features=300, bias=True)
    (2): Tanh()
    (3): Dropout(p=0.5)
    (4): Linear(in_features=300, out_features=3, bias=True)
  )
)
Loss module: CrossEntropyLoss()
/scratch/fz758/ucl/snli/data/SNLI/converted/train.dep.jsonl
Predict preprocessed instances
len t: 128
len t: 128
len t: 128
len t: 128
len t: 128
len t: 128
len t: 128
len t: 128
len t: 128
len t: 128
len t: 128
len t: 128
len t: 128
len t: 128
len t: 128
len t: 128
len t: 128
len t: 128
len t: 128
len t: 128
len t: 128
len t: 128
len t: 128
len t: 128
len t: 128
len t: 128
len t: 128
len t: 128
len t: 128
len t: 128
len t: 128
len t: 128
len t: 128
len t: 128
len t: 128
len t: 128
len t: 128
len t: 128
len t: 128
len t: 128
len t: 128
len t: 128
len t: 128
len t: 128
len t: 128
len t: 128
len t: 128
len t: 128
len t: 128
len t: 128
len t: 128
len t: 128
len t: 128
len t: 128
len t: 128
len t: 128
len t: 128
len t: 128
len t: 128
len t: 128
len t: 128
len t: 128
len t: 128
len t: 128
len t: 128
len t: 128
len t: 128
len t: 128
len t: 128
len t: 128
len t: 128
len t: 128
len t: 128
len t: 128
len t: 128
len t: 128
len t: 128
len t: 128
len t: 128
len t: 128
len t: 128
len t: 128
len t: 128
len t: 128
len t: 128
len t: 128
len t: 128
len t: 128
len t: 128
len t: 128
len t: 128
len t: 128
len t: 128
len t: 128
len t: 128
len t: 128
len t: 128
len t: 128
len t: 128
len t: 128
len t: 128
len t: 128
len t: 128
len t: 128
len t: 128
len t: 128
len t: 128
len t: 128
len t: 128
len t: 128
len t: 128
len t: 128
len t: 128
len t: 128
len t: 128
len t: 128
len t: 128
len t: 128
len t: 128
len t: 128
len t: 128
len t: 128
len t: 128
len t: 128
len t: 128
len t: 128
len t: 128
len t: 128
len t: 128
len t: 128
len t: 128
len t: 128
len t: 128
len t: 128
len t: 128
len t: 128
len t: 128
len t: 128
len t: 128
len t: 128
len t: 128
len t: 128
len t: 128
len t: 128
len t: 128
len t: 128
len t: 128
len t: 128
len t: 128
len t: 128
len t: 128
len t: 128
len t: 128
len t: 128
len t: 128
len t: 128
len t: 128
len t: 128
len t: 128
len t: 128
len t: 128
len t: 128
len t: 128
len t: 128
len t: 128
len t: 128
len t: 128
len t: 128
len t: 128
len t: 128
len t: 128
len t: 128
len t: 128
len t: 128
len t: 128
len t: 128
len t: 128
len t: 128
len t: 128
len t: 128
len t: 128
len t: 128
len t: 128
len t: 128
len t: 128
len t: 128
len t: 128
len t: 128
len t: 128
len t: 128
len t: 128
len t: 128
len t: 128
len t: 128
len t: 128
len t: 128
len t: 128
len t: 128
len t: 128
len t: 128
len t: 128
len t: 128
len t: 128
len t: 128
len t: 128
len t: 128
len t: 128
len t: 128
len t: 128
len t: 128
len t: 128
len t: 128
len t: 128
len t: 128
len t: 128
len t: 128
len t: 128
len t: 128
len t: 128
len t: 128
len t: 128
len t: 128
len t: 128
len t: 128
len t: 128
len t: 128
len t: 128
len t: 128
len t: 128
len t: 128
len t: 128
len t: 128
len t: 128
len t: 128
len t: 128
len t: 128
len t: 128
len t: 128
len t: 128
len t: 128
len t: 128
len t: 128
len t: 128
len t: 128
len t: 128
len t: 128
len t: 128
len t: 128
len t: 128
len t: 128
len t: 128
len t: 128
len t: 128
len t: 128
len t: 128
len t: 128
len t: 128
len t: 128
len t: 128
len t: 128
len t: 128
len t: 128
len t: 128
len t: 128
len t: 128
len t: 128
len t: 128
len t: 128
len t: 128
len t: 128
len t: 128
len t: 128
len t: 128
len t: 128
len t: 128
len t: 128
len t: 128
len t: 128
len t: 128
len t: 128
len t: 128
len t: 128
len t: 128
len t: 128
len t: 128
len t: 128
len t: 128
len t: 128
len t: 128
len t: 128
len t: 128
len t: 128
len t: 128
len t: 128
len t: 128
len t: 128
len t: 128
len t: 128
len t: 128
len t: 128
len t: 128
len t: 128
len t: 128
len t: 128
len t: 128
len t: 128
len t: 128
len t: 128
len t: 128
len t: 128
len t: 128
len t: 128
len t: 128
len t: 128
len t: 128
len t: 128
len t: 128
len t: 128
len t: 128
len t: 128
len t: 128
len t: 128
len t: 128
len t: 128
len t: 128
len t: 128
len t: 128
len t: 128
len t: 128
len t: 128
len t: 128
len t: 128
len t: 128
len t: 128
len t: 128
len t: 128
len t: 128
len t: 128
len t: 128
len t: 128
len t: 128
len t: 128
len t: 128
len t: 128
len t: 128
len t: 128
len t: 128
len t: 128
len t: 128
len t: 128
len t: 128
len t: 128
len t: 128
len t: 128
len t: 128
len t: 128
len t: 128
len t: 128
len t: 128
len t: 128
len t: 128
len t: 128
len t: 128
len t: 128
len t: 128
len t: 128
len t: 128
len t: 128
len t: 128
len t: 128
len t: 128
len t: 128
len t: 128
len t: 128
len t: 128
len t: 128
len t: 128
len t: 128
len t: 128
len t: 128
len t: 128
len t: 128
len t: 128
len t: 128
len t: 128
len t: 128
len t: 128
len t: 128
len t: 128
len t: 128
len t: 128
len t: 128
len t: 128
len t: 128
len t: 128
len t: 128
len t: 128
len t: 128
len t: 128
len t: 128
len t: 128
len t: 128
len t: 128
len t: 128
len t: 128
len t: 128
len t: 128
len t: 128
len t: 128
len t: 128
len t: 128
len t: 128
len t: 128
len t: 128
len t: 128
len t: 128
len t: 128
len t: 128
len t: 128
len t: 128
len t: 128
len t: 128
len t: 128
len t: 128
len t: 128
len t: 128
len t: 128
len t: 128
len t: 128
len t: 128
len t: 128
len t: 128
len t: 128
len t: 128
len t: 128
len t: 128
len t: 128
len t: 128
len t: 128
len t: 128
len t: 128
len t: 128
len t: 128
len t: 128
len t: 128
len t: 128
len t: 128
len t: 128
len t: 128
len t: 128
len t: 128
len t: 128
len t: 128
len t: 128
len t: 128
len t: 128
len t: 128
len t: 128
len t: 128
len t: 128
len t: 128
len t: 128
len t: 128
len t: 128
len t: 128
len t: 128
len t: 128
len t: 128
len t: 128
len t: 128
len t: 128
len t: 128
len t: 128
len t: 128
len t: 128
len t: 128
len t: 128
len t: 128
len t: 128
len t: 128
len t: 128
len t: 128
len t: 128
len t: 128
len t: 128
len t: 128
len t: 128
len t: 128
len t: 128
len t: 128
len t: 128
len t: 128
len t: 128
len t: 128
len t: 128
len t: 128
len t: 128
len t: 128
len t: 128
len t: 128
len t: 128
len t: 128
len t: 128
len t: 128
len t: 128
len t: 128
len t: 128
len t: 128
len t: 128
len t: 128
len t: 128
len t: 128
len t: 128
len t: 128
len t: 128
len t: 128
len t: 128
len t: 128
len t: 128
len t: 128
len t: 128
len t: 128
len t: 128
len t: 128
len t: 128
len t: 128
len t: 128
len t: 128
len t: 128
len t: 128
len t: 128
len t: 128
len t: 128
len t: 128
len t: 128
len t: 128
len t: 128
len t: 128
len t: 128
len t: 128
len t: 128
len t: 128
len t: 128
len t: 128
len t: 128
len t: 128
len t: 128
len t: 128
len t: 128
len t: 128
len t: 128
len t: 128
len t: 128
len t: 128
len t: 128
len t: 128
len t: 128
len t: 128
len t: 128
len t: 128
len t: 128
len t: 128
len t: 128
len t: 128
len t: 128
len t: 128
len t: 128
len t: 128
len t: 128
len t: 128
len t: 128
len t: 128
len t: 128
len t: 128
len t: 128
len t: 128
len t: 128
len t: 128
len t: 128
len t: 128
len t: 128
len t: 128
len t: 128
len t: 128
len t: 128
len t: 128
len t: 128
len t: 128
len t: 128
len t: 128
len t: 128
len t: 128
len t: 128
len t: 128
len t: 128
len t: 128
len t: 128
len t: 128
len t: 128
len t: 128
len t: 128
len t: 128
len t: 128
len t: 128
len t: 128
len t: 128
len t: 128
len t: 128
len t: 128
len t: 128
len t: 128
len t: 128
len t: 128
len t: 128
len t: 128
len t: 128
len t: 128
len t: 128
len t: 128
len t: 128
len t: 128
len t: 128
len t: 128
len t: 128
len t: 128
len t: 128
len t: 128
len t: 128
len t: 128
len t: 128
len t: 128
len t: 128
len t: 128
len t: 128
len t: 128
len t: 128
len t: 128
len t: 128
len t: 128
len t: 128
len t: 128
len t: 128
len t: 128
len t: 128
len t: 128
len t: 128
len t: 128
len t: 128
len t: 128
len t: 128
len t: 128
len t: 128
len t: 128
len t: 128
len t: 128
len t: 128
len t: 128
len t: 128
len t: 128
len t: 128
len t: 128
len t: 128
len t: 128
len t: 128
len t: 128
len t: 128
len t: 128
len t: 128
len t: 128
len t: 128
len t: 128
len t: 128
len t: 128
len t: 128
len t: 128
len t: 128
len t: 128
len t: 128
len t: 128
len t: 128
len t: 128
len t: 128
len t: 128
len t: 128
len t: 128
len t: 128
len t: 128
len t: 128
len t: 128
len t: 128
len t: 128
len t: 128
len t: 128
len t: 128
len t: 128
len t: 128
len t: 128
len t: 128
len t: 128
len t: 128
len t: 128
len t: 128
len t: 128
len t: 128
len t: 128
len t: 128
len t: 128
len t: 128
len t: 128
len t: 128
len t: 128
len t: 128
len t: 128
len t: 128
len t: 128
len t: 128
len t: 128
len t: 128
len t: 128
len t: 128
len t: 128
len t: 128
len t: 128
len t: 128
len t: 128
len t: 128
len t: 128
len t: 128
len t: 128
len t: 128
len t: 128
len t: 128
len t: 128
len t: 128
len t: 128
len t: 128
len t: 128
len t: 128
len t: 128
len t: 128
len t: 128
len t: 128
len t: 128
len t: 128
len t: 128
len t: 128
len t: 128
len t: 128
len t: 128
len t: 128
len t: 128
len t: 128
len t: 128
len t: 128
len t: 128
len t: 128
len t: 128
len t: 128
len t: 128
len t: 128
len t: 128
len t: 128
len t: 128
len t: 128
len t: 128
len t: 128
len t: 128
len t: 128
len t: 128
len t: 128
len t: 128
len t: 128
len t: 128
len t: 128
len t: 128
len t: 128
len t: 128
len t: 128
len t: 128
len t: 128
len t: 128
len t: 128
len t: 128
len t: 128
len t: 128
len t: 128
len t: 128
len t: 128
len t: 128
len t: 128
len t: 128
len t: 128
len t: 128
len t: 128
len t: 128
len t: 128
len t: 128
len t: 128
len t: 128
len t: 128
len t: 128
len t: 128
len t: 128
len t: 128
len t: 128
len t: 128
len t: 128
len t: 128
len t: 128
len t: 128
len t: 128
len t: 128
len t: 128
len t: 128
len t: 128
len t: 128
len t: 128
len t: 128
len t: 128
len t: 128
len t: 128
len t: 128
len t: 128
len t: 128
len t: 128
len t: 128
len t: 128
len t: 128
len t: 128
len t: 128
len t: 128
len t: 128
len t: 128
len t: 128
len t: 128
len t: 128
len t: 128
len t: 128
len t: 128
len t: 128
len t: 128
len t: 128
len t: 128
len t: 128
len t: 128
len t: 128
len t: 128
len t: 128
len t: 128
len t: 128
len t: 128
len t: 128
len t: 128
len t: 128
len t: 128
len t: 128
len t: 128
len t: 128
len t: 128
len t: 128
len t: 128
len t: 128
len t: 128
len t: 128
len t: 128
len t: 128
len t: 128
len t: 128
len t: 128
len t: 128
len t: 128
len t: 128
len t: 128
len t: 128
len t: 128
len t: 128
len t: 128
len t: 128
len t: 128
len t: 128
len t: 128
len t: 128
len t: 128
len t: 128
len t: 128
len t: 128
len t: 128
len t: 128
len t: 128
len t: 128
len t: 128
len t: 128
len t: 128
len t: 128
len t: 128
len t: 128
len t: 128
len t: 128
len t: 128
len t: 128
len t: 128
len t: 128
len t: 128
len t: 128
len t: 128
len t: 128
len t: 128
len t: 128
len t: 128
len t: 128
len t: 128
len t: 128
len t: 128
len t: 128
len t: 128
len t: 128
len t: 128
len t: 128
len t: 128
len t: 128
len t: 128
len t: 128
len t: 128
len t: 128
len t: 128
len t: 128
len t: 128
len t: 128
len t: 128
len t: 128
len t: 128
len t: 128
len t: 128
len t: 128
len t: 128
len t: 128
len t: 128
len t: 128
len t: 128
len t: 128
len t: 128
len t: 128
len t: 128
len t: 128
len t: 128
len t: 128
len t: 128
len t: 128
len t: 128
len t: 128
len t: 128
len t: 128
len t: 128
len t: 128
len t: 128
len t: 128
len t: 128
len t: 128
len t: 128
len t: 128
len t: 128
len t: 128
len t: 128
len t: 128
len t: 128
len t: 128
len t: 128
len t: 128
len t: 128
len t: 128
len t: 128
len t: 128
len t: 128
len t: 128
len t: 128
len t: 128
len t: 128
len t: 128
len t: 128
len t: 128
len t: 128
len t: 128
len t: 128
len t: 128
len t: 128
len t: 128
len t: 128
len t: 128
len t: 128
len t: 128
len t: 128
len t: 128
len t: 128
len t: 128
len t: 128
len t: 128
len t: 128
len t: 128
len t: 128
len t: 128
len t: 128
len t: 128
len t: 128
len t: 128
len t: 128
len t: 128
len t: 128
len t: 128
len t: 128
len t: 128
len t: 128
len t: 128
len t: 128
len t: 128
len t: 128
len t: 128
len t: 128
len t: 128
len t: 128
len t: 128
len t: 128
len t: 128
len t: 128
len t: 128
len t: 128
len t: 128
len t: 128
len t: 128
len t: 128
len t: 128
len t: 128
len t: 128
len t: 128
len t: 128
len t: 128
len t: 128
len t: 128
len t: 128
len t: 128
len t: 128
len t: 128
len t: 128
len t: 128
len t: 128
len t: 128
len t: 128
len t: 128
len t: 128
len t: 128
len t: 128
len t: 128
len t: 128
len t: 128
len t: 128
len t: 128
len t: 128
len t: 128
len t: 128
len t: 128
len t: 128
len t: 128
len t: 128
len t: 128
len t: 128
len t: 128
len t: 128
len t: 128
len t: 128
len t: 128
len t: 128
len t: 128
len t: 128
len t: 128
len t: 128
len t: 128
len t: 128
len t: 128
len t: 128
len t: 128
len t: 128
len t: 128
len t: 128
len t: 128
len t: 128
len t: 128
len t: 128
len t: 128
len t: 128
len t: 128
len t: 128
len t: 128
len t: 128
len t: 128
len t: 128
len t: 128
len t: 128
len t: 128
len t: 128
len t: 128
len t: 128
len t: 128
len t: 128
len t: 128
len t: 128
len t: 128
len t: 128
len t: 128
len t: 128
len t: 128
len t: 128
len t: 128
len t: 128
len t: 128
len t: 128
len t: 128
len t: 128
len t: 128
len t: 128
len t: 128
len t: 128
len t: 128
len t: 128
len t: 128
len t: 128
len t: 128
len t: 128
len t: 128
len t: 128
len t: 128
len t: 128
len t: 128
len t: 128
len t: 128
len t: 128
len t: 128
len t: 128
len t: 128
len t: 128
len t: 128
len t: 128
len t: 128
len t: 128
len t: 128
len t: 128
len t: 128
len t: 128
len t: 128
len t: 128
len t: 128
len t: 128
len t: 128
len t: 128
len t: 128
len t: 128
len t: 128
len t: 128
len t: 128
len t: 128
len t: 128
len t: 128
len t: 128
len t: 128
len t: 128
len t: 128
len t: 128
len t: 128
len t: 128
len t: 128
len t: 128
len t: 128
len t: 128
len t: 128
len t: 128
len t: 128
len t: 128
len t: 128
len t: 128
len t: 128
len t: 128
len t: 128
len t: 128
len t: 128
len t: 128
len t: 128
len t: 128
len t: 128
len t: 128
len t: 128
len t: 128
len t: 128
len t: 128
len t: 128
len t: 128
len t: 128
len t: 128
len t: 128
len t: 128
len t: 128
len t: 128
len t: 128
len t: 128
len t: 128
len t: 128
len t: 128
len t: 128
len t: 128
len t: 128
len t: 128
len t: 128
len t: 128
len t: 128
len t: 128
len t: 128
len t: 128
len t: 128
len t: 128
len t: 128
len t: 128
len t: 128
len t: 128
len t: 128
len t: 128
len t: 128
len t: 128
len t: 128
len t: 128
len t: 128
len t: 128
len t: 128
len t: 128
len t: 128
len t: 128
len t: 128
len t: 128
len t: 128
len t: 128
len t: 128
len t: 128
len t: 128
len t: 128
len t: 128
len t: 128
len t: 128
len t: 128
len t: 128
len t: 128
len t: 128
len t: 128
len t: 128
len t: 128
len t: 128
len t: 128
len t: 128
len t: 128
len t: 128
len t: 128
len t: 128
len t: 128
len t: 128
len t: 128
len t: 128
len t: 128
len t: 128
len t: 128
len t: 128
len t: 128
len t: 128
len t: 128
len t: 128
len t: 128
len t: 128
len t: 128
len t: 128
len t: 128
len t: 128
len t: 128
len t: 128
len t: 128
len t: 128
len t: 128
len t: 128
len t: 128
len t: 128
len t: 128
len t: 128
len t: 128
len t: 128
len t: 128
len t: 128
len t: 128
len t: 128
len t: 128
len t: 128
len t: 128
len t: 128
len t: 128
len t: 128
len t: 128
len t: 128
len t: 128
len t: 128
len t: 128
len t: 128
len t: 128
len t: 128
len t: 128
len t: 128
len t: 128
len t: 128
len t: 128
len t: 128
len t: 128
len t: 128
len t: 128
len t: 128
len t: 128
len t: 128
len t: 128
len t: 128
len t: 128
len t: 128
len t: 128
len t: 128
len t: 128
len t: 128
len t: 128
len t: 128
len t: 128
len t: 128
len t: 128
len t: 128
len t: 128
len t: 128
len t: 128
len t: 128
len t: 128
len t: 128
len t: 128
len t: 128
len t: 128
len t: 128
len t: 128
len t: 128
len t: 128
len t: 128
len t: 128
len t: 128
len t: 128
len t: 128
len t: 128
len t: 128
len t: 128
len t: 128
len t: 128
len t: 128
len t: 128
len t: 128
len t: 128
len t: 128
len t: 128
len t: 128
len t: 128
len t: 128
len t: 128
len t: 128
len t: 128
len t: 128
len t: 128
len t: 128
len t: 128
len t: 128
len t: 128
len t: 128
len t: 128
len t: 128
len t: 128
len t: 128
len t: 128
len t: 128
len t: 128
len t: 128
len t: 128
len t: 128
len t: 128
len t: 128
len t: 128
len t: 128
len t: 128
len t: 128
len t: 128
len t: 128
len t: 128
len t: 128
len t: 128
len t: 128
len t: 128
len t: 128
len t: 128
len t: 128
len t: 128
len t: 128
len t: 128
len t: 128
len t: 128
len t: 128
len t: 128
len t: 128
len t: 128
len t: 128
len t: 128
len t: 128
len t: 128
len t: 128
len t: 128
len t: 128
len t: 128
len t: 128
len t: 128
len t: 128
len t: 128
len t: 128
len t: 128
len t: 128
len t: 128
len t: 128
len t: 128
len t: 128
len t: 128
len t: 128
len t: 128
len t: 128
len t: 128
len t: 128
len t: 128
len t: 128
len t: 128
len t: 128
len t: 128
len t: 128
len t: 128
len t: 128
len t: 128
len t: 128
len t: 128
len t: 128
len t: 128
len t: 128
len t: 128
len t: 128
len t: 128
len t: 128
len t: 128
len t: 128
len t: 128
len t: 128
len t: 128
len t: 128
len t: 128
len t: 128
len t: 128
len t: 128
len t: 128
len t: 128
len t: 128
len t: 128
len t: 128
len t: 128
len t: 128
len t: 128
len t: 128
len t: 128
len t: 128
len t: 128
len t: 128
len t: 128
len t: 128
len t: 128
len t: 128
len t: 128
len t: 128
len t: 128
len t: 128
len t: 128
len t: 128
len t: 128
len t: 128
len t: 128
len t: 128
len t: 128
len t: 128
len t: 128
len t: 128
len t: 128
len t: 128
len t: 128
len t: 128
len t: 128
len t: 128
len t: 128
len t: 128
len t: 128
len t: 128
len t: 128
len t: 128
len t: 128
len t: 128
len t: 128
len t: 128
len t: 128
len t: 128
len t: 128
len t: 128
len t: 128
len t: 128
len t: 128
len t: 128
len t: 128
len t: 128
len t: 128
len t: 128
len t: 128
len t: 128
len t: 128
len t: 128
len t: 128
len t: 128
len t: 128
len t: 128
len t: 128
len t: 128
len t: 128
len t: 128
len t: 128
len t: 128
len t: 128
len t: 128
len t: 128
len t: 128
len t: 128
len t: 128
len t: 128
len t: 128
len t: 128
len t: 128
len t: 128
len t: 128
len t: 128
len t: 128
len t: 128
len t: 128
len t: 128
len t: 128
len t: 128
len t: 128
len t: 128
len t: 128
len t: 128
len t: 128
len t: 128
len t: 128
len t: 128
len t: 128
len t: 128
len t: 128
len t: 128
len t: 128
len t: 128
len t: 128
len t: 128
len t: 128
len t: 128
len t: 128
len t: 128
len t: 128
len t: 128
len t: 128
len t: 128
len t: 128
len t: 128
len t: 128
len t: 128
len t: 128
len t: 128
len t: 128
len t: 128
len t: 128
len t: 128
len t: 128
len t: 128
len t: 128
len t: 128
len t: 128
len t: 128
len t: 128
len t: 128
len t: 128
len t: 128
len t: 128
len t: 128
len t: 128
len t: 128
len t: 128
len t: 128
len t: 128
len t: 128
len t: 128
len t: 128
len t: 128
len t: 128
len t: 128
len t: 128
len t: 128
len t: 128
len t: 128
len t: 128
len t: 128
len t: 128
len t: 128
len t: 128
len t: 128
len t: 128
len t: 128
len t: 128
len t: 128
len t: 128
len t: 128
len t: 128
len t: 128
len t: 128
len t: 128
len t: 128
len t: 128
len t: 128
len t: 128
len t: 128
len t: 128
len t: 128
len t: 128
len t: 128
len t: 128
len t: 128
len t: 128
len t: 128
len t: 128
len t: 128
len t: 128
len t: 128
len t: 128
len t: 128
len t: 128
len t: 128
len t: 128
len t: 128
len t: 128
len t: 128
len t: 128
len t: 128
len t: 128
len t: 128
len t: 128
len t: 128
len t: 128
len t: 128
len t: 128
len t: 128
len t: 128
len t: 128
len t: 128
len t: 128
len t: 128
len t: 128
len t: 128
len t: 128
len t: 128
len t: 128
len t: 128
len t: 128
len t: 128
len t: 128
len t: 128
len t: 128
len t: 128
len t: 128
len t: 128
len t: 128
len t: 128
len t: 128
len t: 128
len t: 128
len t: 128
len t: 128
len t: 128
len t: 128
len t: 128
len t: 128
len t: 128
len t: 128
len t: 128
len t: 128
len t: 128
len t: 128
len t: 128
len t: 128
len t: 128
len t: 128
len t: 128
len t: 128
len t: 128
len t: 128
len t: 128
len t: 128
len t: 128
len t: 128
len t: 128
len t: 128
len t: 128
len t: 128
len t: 128
len t: 128
len t: 128
len t: 128
len t: 128
len t: 128
len t: 128
len t: 128
len t: 128
len t: 128
len t: 128
len t: 128
len t: 128
len t: 128
len t: 128
len t: 128
len t: 128
len t: 128
len t: 128
len t: 128
len t: 128
len t: 128
len t: 128
len t: 128
len t: 128
len t: 128
len t: 128
len t: 128
len t: 128
len t: 128
len t: 128
len t: 128
len t: 128
len t: 128
len t: 128
len t: 128
len t: 128
len t: 128
len t: 128
len t: 128
len t: 128
len t: 128
len t: 128
len t: 128
len t: 128
len t: 128
len t: 128
len t: 128
len t: 128
len t: 128
len t: 128
len t: 128
len t: 128
len t: 128
len t: 128
len t: 128
len t: 128
len t: 128
len t: 128
len t: 128
len t: 128
len t: 128
len t: 128
len t: 128
len t: 128
len t: 128
len t: 128
len t: 128
len t: 128
len t: 128
len t: 128
len t: 128
len t: 128
len t: 128
len t: 128
len t: 128
len t: 128
len t: 128
len t: 128
len t: 128
len t: 128
len t: 128
len t: 128
len t: 128
len t: 128
len t: 128
len t: 128
len t: 128
len t: 128
len t: 128
len t: 128
len t: 128
len t: 128
len t: 128
len t: 128
len t: 128
len t: 128
len t: 128
len t: 128
len t: 128
len t: 128
len t: 128
len t: 128
len t: 128
len t: 128
len t: 128
len t: 128
len t: 128
len t: 128
len t: 128
len t: 128
len t: 128
len t: 128
len t: 128
len t: 128
len t: 128
len t: 128
len t: 128
len t: 128
len t: 128
len t: 128
len t: 128
len t: 128
len t: 128
len t: 128
len t: 128
len t: 128
len t: 128
len t: 128
len t: 128
len t: 128
len t: 128
len t: 128
len t: 128
len t: 128
len t: 128
len t: 128
len t: 128
len t: 128
len t: 128
len t: 128
len t: 128
len t: 128
len t: 128
len t: 128
len t: 128
len t: 128
len t: 128
len t: 128
len t: 128
len t: 128
len t: 128
len t: 128
len t: 128
len t: 128
len t: 128
len t: 128
len t: 128
len t: 128
len t: 128
len t: 128
len t: 128
len t: 128
len t: 128
len t: 128
len t: 128
len t: 128
len t: 128
len t: 128
len t: 128
len t: 128
len t: 128
len t: 128
len t: 128
len t: 128
len t: 128
len t: 128
len t: 128
len t: 128
len t: 128
len t: 128
len t: 128
len t: 128
len t: 128
len t: 128
len t: 128
len t: 128
len t: 128
len t: 128
len t: 128
len t: 128
len t: 128
len t: 128
len t: 128
len t: 128
len t: 128
len t: 128
len t: 128
len t: 128
len t: 128
len t: 128
len t: 128
len t: 128
len t: 128
len t: 128
len t: 128
len t: 128
len t: 128
len t: 128
len t: 128
len t: 128
len t: 128
len t: 128
len t: 128
len t: 128
len t: 128
len t: 128
len t: 128
len t: 128
len t: 128
len t: 128
len t: 128
len t: 128
len t: 128
len t: 128
len t: 128
len t: 128
len t: 128
len t: 128
len t: 128
len t: 128
len t: 128
len t: 128
len t: 128
len t: 128
len t: 128
len t: 128
len t: 128
len t: 128
len t: 128
len t: 128
len t: 128
len t: 128
len t: 128
len t: 128
len t: 128
len t: 128
len t: 128
len t: 128
len t: 128
len t: 128
len t: 128
len t: 128
len t: 128
len t: 128
len t: 128
len t: 128
len t: 128
len t: 128
len t: 128
len t: 128
len t: 128
len t: 128
len t: 128
len t: 128
len t: 128
len t: 128
len t: 128
len t: 128
len t: 128
len t: 128
len t: 128
len t: 128
len t: 128
len t: 128
len t: 128
len t: 128
len t: 128
len t: 128
len t: 128
len t: 128
len t: 128
len t: 128
len t: 128
len t: 128
len t: 128
len t: 128
len t: 128
len t: 128
len t: 128
len t: 128
len t: 128
len t: 128
len t: 128
len t: 128
len t: 128
len t: 128
len t: 128
len t: 128
len t: 128
len t: 128
len t: 128
len t: 128
len t: 128
len t: 128
len t: 128
len t: 128
len t: 128
len t: 128
len t: 128
len t: 128
len t: 128
len t: 128
len t: 128
len t: 128
len t: 128
len t: 128
len t: 128
len t: 128
len t: 128
len t: 128
len t: 128
len t: 128
len t: 128
len t: 128
len t: 128
len t: 128
len t: 128
len t: 128
len t: 128
len t: 128
len t: 128
len t: 128
len t: 128
len t: 128
len t: 128
len t: 128
len t: 128
len t: 128
len t: 128
len t: 128
len t: 128
len t: 128
len t: 128
len t: 128
len t: 128
len t: 128
len t: 128
len t: 128
len t: 128
len t: 128
len t: 128
len t: 128
len t: 128
len t: 128
len t: 128
len t: 128
len t: 128
len t: 128
len t: 128
len t: 128
len t: 128
len t: 128
len t: 128
len t: 128
len t: 128
len t: 128
len t: 128
len t: 128
len t: 128
len t: 128
len t: 128
len t: 128
len t: 128
len t: 128
len t: 128
len t: 128
len t: 128
len t: 128
len t: 128
len t: 128
len t: 128
len t: 128
len t: 128
len t: 128
len t: 128
len t: 128
len t: 128
len t: 128
len t: 128
len t: 128
len t: 128
len t: 128
len t: 128
len t: 128
len t: 128
len t: 128
len t: 128
len t: 128
len t: 128
len t: 128
len t: 128
len t: 128
len t: 128
len t: 128
len t: 128
len t: 128
len t: 128
len t: 128
len t: 128
len t: 128
len t: 128
len t: 128
len t: 128
len t: 128
len t: 128
len t: 128
len t: 128
len t: 128
len t: 128
len t: 128
len t: 128
len t: 128
len t: 128
len t: 128
len t: 128
len t: 128
len t: 128
len t: 128
len t: 128
len t: 128
len t: 128
len t: 128
len t: 128
len t: 128
len t: 128
len t: 128
len t: 128
len t: 128
len t: 128
len t: 128
len t: 128
len t: 128
len t: 128
len t: 128
len t: 128
len t: 128
len t: 128
len t: 128
len t: 128
len t: 128
len t: 128
len t: 128
len t: 128
len t: 128
len t: 128
len t: 128
len t: 128
len t: 128
len t: 128
len t: 128
len t: 128
len t: 128
len t: 128
len t: 128
len t: 128
len t: 128
len t: 128
len t: 128
len t: 128
len t: 128
len t: 128
len t: 128
len t: 128
len t: 128
len t: 128
len t: 128
len t: 128
len t: 128
len t: 128
len t: 128
len t: 128
len t: 128
len t: 128
len t: 128
len t: 128
len t: 128
len t: 128
len t: 128
len t: 128
len t: 128
len t: 128
len t: 128
len t: 128
len t: 128
len t: 128
len t: 128
len t: 128
len t: 128
len t: 128
len t: 128
len t: 128
len t: 128
len t: 128
len t: 128
len t: 128
len t: 128
len t: 128
len t: 128
len t: 128
len t: 128
len t: 128
len t: 128
len t: 128
len t: 128
len t: 128
len t: 128
len t: 128
len t: 128
len t: 128
len t: 128
len t: 128
len t: 128
len t: 128
len t: 128
len t: 128
len t: 128
len t: 128
len t: 128
len t: 128
len t: 128
len t: 128
len t: 128
len t: 128
len t: 128
len t: 128
len t: 128
len t: 128
len t: 128
len t: 128
len t: 128
len t: 128
len t: 128
len t: 128
len t: 128
len t: 128
len t: 128
len t: 128
len t: 128
len t: 128
len t: 128
len t: 128
len t: 128
len t: 128
len t: 128
len t: 128
len t: 128
len t: 128
len t: 128
len t: 128
len t: 128
len t: 128
len t: 128
len t: 128
len t: 128
len t: 128
len t: 128
len t: 128
len t: 128
len t: 128
len t: 128
len t: 128
len t: 128
len t: 128
len t: 128
len t: 128
len t: 128
len t: 128
len t: 128
len t: 128
len t: 128
len t: 128
len t: 128
len t: 128
len t: 128
len t: 128
len t: 128
len t: 128
len t: 128
len t: 128
len t: 128
len t: 128
len t: 128
len t: 128
len t: 128
len t: 128
len t: 128
len t: 128
len t: 128
len t: 128
len t: 128
len t: 128
len t: 128
len t: 128
len t: 128
len t: 128
len t: 128
len t: 128
len t: 128
len t: 128
len t: 128
len t: 128
len t: 128
len t: 128
len t: 128
len t: 128
len t: 128
len t: 128
len t: 128
len t: 128
len t: 128
len t: 128
len t: 128
len t: 128
len t: 128
len t: 128
len t: 128
len t: 128
len t: 128
len t: 128
len t: 128
len t: 128
len t: 128
len t: 128
len t: 128
len t: 128
len t: 128
len t: 128
len t: 128
len t: 128
len t: 128
len t: 128
len t: 128
len t: 128
len t: 128
len t: 128
len t: 128
len t: 128
len t: 128
len t: 128
len t: 128
len t: 128
len t: 128
len t: 128
len t: 128
len t: 128
len t: 128
len t: 128
len t: 128
len t: 128
len t: 128
len t: 128
len t: 128
len t: 128
len t: 128
len t: 128
len t: 128
len t: 128
len t: 128
len t: 128
len t: 128
len t: 128
len t: 128
len t: 128
len t: 128
len t: 128
len t: 128
len t: 128
len t: 128
len t: 128
len t: 128
len t: 128
len t: 128
len t: 128
len t: 128
len t: 128
len t: 128
len t: 128
len t: 128
len t: 128
len t: 128
len t: 128
len t: 128
len t: 128
len t: 128
len t: 128
len t: 128
len t: 128
len t: 128
len t: 128
len t: 128
len t: 128
len t: 128
len t: 128
len t: 128
len t: 128
len t: 128
len t: 128
len t: 128
len t: 128
len t: 128
len t: 128
len t: 128
len t: 128
len t: 128
len t: 128
len t: 128
len t: 128
len t: 128
len t: 128
len t: 128
len t: 128
len t: 128
len t: 128
len t: 128
len t: 128
len t: 128
len t: 128
len t: 128
len t: 128
len t: 128
len t: 128
len t: 128
len t: 128
len t: 128
len t: 128
len t: 128
len t: 128
len t: 128
len t: 128
len t: 128
len t: 128
len t: 128
len t: 128
len t: 128
len t: 128
len t: 128
len t: 128
len t: 128
len t: 128
len t: 128
len t: 128
len t: 128
len t: 128
len t: 128
len t: 128
len t: 128
len t: 128
len t: 128
len t: 128
len t: 128
len t: 128
len t: 128
len t: 128
len t: 128
len t: 128
len t: 128
len t: 128
len t: 128
len t: 128
len t: 128
len t: 128
len t: 128
len t: 128
len t: 128
len t: 128
len t: 128
len t: 128
len t: 128
len t: 128
len t: 128
len t: 128
len t: 128
len t: 128
len t: 128
len t: 128
len t: 128
len t: 128
len t: 128
len t: 128
len t: 128
len t: 128
len t: 128
len t: 128
len t: 128
len t: 128
len t: 128
len t: 128
len t: 128
len t: 128
len t: 128
len t: 128
len t: 128
len t: 128
len t: 128
len t: 128
len t: 128
len t: 128
len t: 128
len t: 128
len t: 128
len t: 128
len t: 128
len t: 128
len t: 128
len t: 128
len t: 128
len t: 128
len t: 128
len t: 128
len t: 128
len t: 128
len t: 128
len t: 128
len t: 128
len t: 128
len t: 128
len t: 128
len t: 128
len t: 128
len t: 128
len t: 128
len t: 128
len t: 128
len t: 128
len t: 128
len t: 128
len t: 128
len t: 128
len t: 128
len t: 128
len t: 128
len t: 128
len t: 128
len t: 128
len t: 128
len t: 128
len t: 128
len t: 128
len t: 128
len t: 128
len t: 128
len t: 128
len t: 128
len t: 128
len t: 128
len t: 128
len t: 128
len t: 128
len t: 128
len t: 128
len t: 128
len t: 128
len t: 128
len t: 128
len t: 128
len t: 128
len t: 128
len t: 128
len t: 128
len t: 128
len t: 128
len t: 128
len t: 128
len t: 128
len t: 128
len t: 128
len t: 128
len t: 128
len t: 128
len t: 128
len t: 128
len t: 128
len t: 128
len t: 128
len t: 128
len t: 128
len t: 128
len t: 128
len t: 128
len t: 128
len t: 128
len t: 128
len t: 128
len t: 128
len t: 128
len t: 128
len t: 128
len t: 128
len t: 128
len t: 128
len t: 128
len t: 128
len t: 128
len t: 128
len t: 128
len t: 128
len t: 128
len t: 128
len t: 128
len t: 128
len t: 128
len t: 128
len t: 128
len t: 128
len t: 128
len t: 128
len t: 128
len t: 128
len t: 128
len t: 128
len t: 128
len t: 128
len t: 128
len t: 128
len t: 128
len t: 128
len t: 128
len t: 128
len t: 128
len t: 128
len t: 128
len t: 128
len t: 128
len t: 128
len t: 128
len t: 128
len t: 128
len t: 128
len t: 128
len t: 128
len t: 128
len t: 128
len t: 128
len t: 128
len t: 128
len t: 128
len t: 128
len t: 128
len t: 128
len t: 128
len t: 128
len t: 128
len t: 128
len t: 128
len t: 128
len t: 128
len t: 128
len t: 128
len t: 128
len t: 128
len t: 128
len t: 128
len t: 128
len t: 128
len t: 128
len t: 128
len t: 128
len t: 128
len t: 128
len t: 128
len t: 128
len t: 128
len t: 128
len t: 128
len t: 128
len t: 128
len t: 128
len t: 128
len t: 128
len t: 128
len t: 128
len t: 128
len t: 128
len t: 128
len t: 128
len t: 128
len t: 128
len t: 128
len t: 128
len t: 128
len t: 128
len t: 128
len t: 128
len t: 128
len t: 128
len t: 128
len t: 128
len t: 128
len t: 128
len t: 128
len t: 128
len t: 128
len t: 128
len t: 128
len t: 128
len t: 128
len t: 128
len t: 128
len t: 128
len t: 128
len t: 128
len t: 128
len t: 128
len t: 128
len t: 128
len t: 128
len t: 128
len t: 128
len t: 128
len t: 128
len t: 128
len t: 128
len t: 128
len t: 128
len t: 128
len t: 128
len t: 128
len t: 128
len t: 128
len t: 128
len t: 128
len t: 128
len t: 128
len t: 128
len t: 128
len t: 128
len t: 128
len t: 128
len t: 128
len t: 128
len t: 128
len t: 128
len t: 128
len t: 128
len t: 128
len t: 128
len t: 128
len t: 128
len t: 128
len t: 128
len t: 128
len t: 128
len t: 128
len t: 128
len t: 128
len t: 128
len t: 128
len t: 128
len t: 128
len t: 128
len t: 128
len t: 128
len t: 128
len t: 128
len t: 128
len t: 128
len t: 128
len t: 128
len t: 128
len t: 128
len t: 128
len t: 128
len t: 128
len t: 128
len t: 128
len t: 128
len t: 128
len t: 128
len t: 128
len t: 128
len t: 128
len t: 128
len t: 128
len t: 128
len t: 128
len t: 128
len t: 128
len t: 128
len t: 128
len t: 128
len t: 128
len t: 128
len t: 128
len t: 128
len t: 128
len t: 128
len t: 128
len t: 128
len t: 128
len t: 128
len t: 128
len t: 128
len t: 128
len t: 128
len t: 128
len t: 128
len t: 128
len t: 128
len t: 128
len t: 128
len t: 128
len t: 128
len t: 128
len t: 128
len t: 128
len t: 128
len t: 128
len t: 128
len t: 128
len t: 128
len t: 128
len t: 128
len t: 128
len t: 128
len t: 128
len t: 128
len t: 128
len t: 128
len t: 128
len t: 128
len t: 128
len t: 128
len t: 128
len t: 128
len t: 128
len t: 128
len t: 128
len t: 128
len t: 128
len t: 128
len t: 128
len t: 128
len t: 128
len t: 128
len t: 128
len t: 128
len t: 128
len t: 128
len t: 128
len t: 128
len t: 128
len t: 128
len t: 128
len t: 128
len t: 128
len t: 128
len t: 128
len t: 128
len t: 128
len t: 128
len t: 128
len t: 128
len t: 128
len t: 128
len t: 128
len t: 128
len t: 128
len t: 128
len t: 128
len t: 128
len t: 128
len t: 128
len t: 128
len t: 128
len t: 128
len t: 128
len t: 128
len t: 128
len t: 128
len t: 128
len t: 128
len t: 128
len t: 128
len t: 128
len t: 128
len t: 128
len t: 128
len t: 128
len t: 128
len t: 128
len t: 128
len t: 128
len t: 128
len t: 128
len t: 128
len t: 128
len t: 128
len t: 128
len t: 128
len t: 128
len t: 128
len t: 128
len t: 128
len t: 128
len t: 128
len t: 128
len t: 128
len t: 128
len t: 128
len t: 128
len t: 128
len t: 128
len t: 128
len t: 128
len t: 128
len t: 128
len t: 128
len t: 128
len t: 128
len t: 128
len t: 128
len t: 128
len t: 128
len t: 128
len t: 128
len t: 128
len t: 128
len t: 128
len t: 128
len t: 128
len t: 128
len t: 128
len t: 128
len t: 128
len t: 128
len t: 128
len t: 128
len t: 128
len t: 128
len t: 128
len t: 128
len t: 128
len t: 128
len t: 128
len t: 128
len t: 128
len t: 128
len t: 128
len t: 128
len t: 128
len t: 128
len t: 128
len t: 128
len t: 128
len t: 128
len t: 128
len t: 128
len t: 128
len t: 128
len t: 128
len t: 128
len t: 128
len t: 128
len t: 128
len t: 128
len t: 128
len t: 128
len t: 128
len t: 128
len t: 128
len t: 128
len t: 128
len t: 128
len t: 128
len t: 128
len t: 128
len t: 128
len t: 128
len t: 128
len t: 128
len t: 128
len t: 128
len t: 128
len t: 128
len t: 128
len t: 128
len t: 128
len t: 128
len t: 128
len t: 128
len t: 128
len t: 128
len t: 128
len t: 128
len t: 128
len t: 128
len t: 128
len t: 128
len t: 128
len t: 128
len t: 128
len t: 128
len t: 128
len t: 128
len t: 128
len t: 128
len t: 128
len t: 128
len t: 128
len t: 128
len t: 128
len t: 128
len t: 128
len t: 128
len t: 128
len t: 128
len t: 128
len t: 128
len t: 128
len t: 128
len t: 128
len t: 128
len t: 128
len t: 128
len t: 128
len t: 128
len t: 128
len t: 128
len t: 128
len t: 128
len t: 128
len t: 128
len t: 128
len t: 128
len t: 128
len t: 128
len t: 128
len t: 128
len t: 128
len t: 128
len t: 128
len t: 128
len t: 128
len t: 128
len t: 128
len t: 128
len t: 128
len t: 128
len t: 128
len t: 128
len t: 128
len t: 128
len t: 128
len t: 128
len t: 128
len t: 128
len t: 128
len t: 128
len t: 128
len t: 128
len t: 128
len t: 128
len t: 128
len t: 128
len t: 128
len t: 128
len t: 128
len t: 128
len t: 128
len t: 128
len t: 128
len t: 128
len t: 128
len t: 128
len t: 128
len t: 128
len t: 128
len t: 128
len t: 128
len t: 128
len t: 128
len t: 128
len t: 128
len t: 128
len t: 128
len t: 128
len t: 128
len t: 128
len t: 128
len t: 128
len t: 128
len t: 128
len t: 128
len t: 128
len t: 128
len t: 128
len t: 128
len t: 128
len t: 128
len t: 128
len t: 128
len t: 128
len t: 128
len t: 128
len t: 128
len t: 128
len t: 128
len t: 128
len t: 128
len t: 128
len t: 128
len t: 128
len t: 128
len t: 128
len t: 128
len t: 128
len t: 128
len t: 128
len t: 128
len t: 128
len t: 128
len t: 128
len t: 128
len t: 128
len t: 128
len t: 128
len t: 128
len t: 128
len t: 128
len t: 128
len t: 128
len t: 128
len t: 128
len t: 128
len t: 128
len t: 128
len t: 128
len t: 128
len t: 128
len t: 128
len t: 128
len t: 128
len t: 128
len t: 128
len t: 128
len t: 128
len t: 128
len t: 128
len t: 128
len t: 128
len t: 128
len t: 128
len t: 128
len t: 128
len t: 128
len t: 128
len t: 128
len t: 128
len t: 128
len t: 128
len t: 128
len t: 128
len t: 128
len t: 128
len t: 128
len t: 128
len t: 128
len t: 128
len t: 128
len t: 128
len t: 128
len t: 128
len t: 128
len t: 128
len t: 128
len t: 128
len t: 128
len t: 128
len t: 128
len t: 128
len t: 128
len t: 128
len t: 128
len t: 128
len t: 128
len t: 128
len t: 128
len t: 128
len t: 128
len t: 128
len t: 128
len t: 128
len t: 128
len t: 128
len t: 128
len t: 128
len t: 128
len t: 128
len t: 128
len t: 128
len t: 128
len t: 128
len t: 128
len t: 128
len t: 128
len t: 128
len t: 128
len t: 128
len t: 128
len t: 128
len t: 128
len t: 128
len t: 128
len t: 128
len t: 128
len t: 128
len t: 128
len t: 128
len t: 128
len t: 128
len t: 128
len t: 128
len t: 128
len t: 128
len t: 128
len t: 128
len t: 128
len t: 128
len t: 128
len t: 128
len t: 128
len t: 128
len t: 128
len t: 128
len t: 128
len t: 128
len t: 128
len t: 128
len t: 128
len t: 128
len t: 128
len t: 128
len t: 128
len t: 128
len t: 128
len t: 128
len t: 128
len t: 128
len t: 128
len t: 128
len t: 128
len t: 128
len t: 128
len t: 128
len t: 128
len t: 128
len t: 128
len t: 128
len t: 128
len t: 128
len t: 128
len t: 128
len t: 128
len t: 128
len t: 128
len t: 128
len t: 128
len t: 128
len t: 128
len t: 128
len t: 128
len t: 128
len t: 128
len t: 128
len t: 128
len t: 128
len t: 128
len t: 128
len t: 128
len t: 128
len t: 128
len t: 128
len t: 128
len t: 128
len t: 128
len t: 128
len t: 128
len t: 128
len t: 128
len t: 128
len t: 128
len t: 128
len t: 128
len t: 128
len t: 128
len t: 128
len t: 128
len t: 128
len t: 128
len t: 128
len t: 128
len t: 128
len t: 128
len t: 128
len t: 128
len t: 128
len t: 128
len t: 128
len t: 128
len t: 128
len t: 128
len t: 128
len t: 128
len t: 128
len t: 128
len t: 128
len t: 128
len t: 128
len t: 128
len t: 128
len t: 128
len t: 128
len t: 128
len t: 128
len t: 128
len t: 128
len t: 128
len t: 128
len t: 128
len t: 128
len t: 128
len t: 128
len t: 128
len t: 128
len t: 128
len t: 128
len t: 128
len t: 128
len t: 128
len t: 128
len t: 128
len t: 128
len t: 128
len t: 128
len t: 128
len t: 128
len t: 128
len t: 128
len t: 128
len t: 128
len t: 128
len t: 128
len t: 128
len t: 128
len t: 128
len t: 128
len t: 128
len t: 128
len t: 128
len t: 128
len t: 128
len t: 128
len t: 128
len t: 128
len t: 128
len t: 128
len t: 128
len t: 128
len t: 128
len t: 128
len t: 128
len t: 128
len t: 128
len t: 128
len t: 128
len t: 128
len t: 128
len t: 128
len t: 128
len t: 128
len t: 128
len t: 128
len t: 128
len t: 128
len t: 128
len t: 128
len t: 128
len t: 128
len t: 128
len t: 128
len t: 128
len t: 128
len t: 128
len t: 128
len t: 128
len t: 128
len t: 128
len t: 128
len t: 128
len t: 128
len t: 128
len t: 128
len t: 128
len t: 128
len t: 128
len t: 128
len t: 128
len t: 128
len t: 128
len t: 128
len t: 128
len t: 128
len t: 128
len t: 128
len t: 128
len t: 128
len t: 128
len t: 128
len t: 128
len t: 128
len t: 128
len t: 128
len t: 128
len t: 128
len t: 128
len t: 128
len t: 128
len t: 128
len t: 128
len t: 128
len t: 128
len t: 128
len t: 128
len t: 128
len t: 128
len t: 128
len t: 128
len t: 128
len t: 128
len t: 128
len t: 128
len t: 128
len t: 128
len t: 128
len t: 128
len t: 128
len t: 128
len t: 128
len t: 128
len t: 128
len t: 128
len t: 128
len t: 128
len t: 128
len t: 128
len t: 128
len t: 128
len t: 128
len t: 128
len t: 128
len t: 128
len t: 128
len t: 128
len t: 128
len t: 128
len t: 128
len t: 128
len t: 128
len t: 128
len t: 128
len t: 128
len t: 128
len t: 128
len t: 128
len t: 128
len t: 128
len t: 128
len t: 128
len t: 128
len t: 128
len t: 128
len t: 128
len t: 128
len t: 128
len t: 128
len t: 128
len t: 128
len t: 128
len t: 128
len t: 128
len t: 128
len t: 128
len t: 128
len t: 128
len t: 128
len t: 128
len t: 128
len t: 128
len t: 128
len t: 128
len t: 128
len t: 128
len t: 128
len t: 128
len t: 128
len t: 128
len t: 128
len t: 128
len t: 128
len t: 128
len t: 128
len t: 128
len t: 128
len t: 128
len t: 128
len t: 128
len t: 128
len t: 128
len t: 128
len t: 128
len t: 128
len t: 128
len t: 128
len t: 128
len t: 128
len t: 128
len t: 128
len t: 128
len t: 128
len t: 128
len t: 128
len t: 128
len t: 128
len t: 128
len t: 128
len t: 128
len t: 128
len t: 128
len t: 128
len t: 128
len t: 128
len t: 128
len t: 128
len t: 128
len t: 128
len t: 128
len t: 128
len t: 128
len t: 128
len t: 128
len t: 128
len t: 128
len t: 128
len t: 128
len t: 128
len t: 128
len t: 128
len t: 128
len t: 128
len t: 128
len t: 128
len t: 128
len t: 128
len t: 128
len t: 128
len t: 128
len t: 128
len t: 128
len t: 128
len t: 128
len t: 128
len t: 128
len t: 128
len t: 128
len t: 128
len t: 128
len t: 128
len t: 128
len t: 128
len t: 128
len t: 128
len t: 128
len t: 128
len t: 128
len t: 128
len t: 128
len t: 128
len t: 128
len t: 128
len t: 128
len t: 128
len t: 128
len t: 128
len t: 128
len t: 128
len t: 128
len t: 128
len t: 128
len t: 128
len t: 128
len t: 128
len t: 128
len t: 128
len t: 128
len t: 128
len t: 128
len t: 128
len t: 128
len t: 128
len t: 128
len t: 128
len t: 128
len t: 128
len t: 128
len t: 128
len t: 128
len t: 128
len t: 128
len t: 128
len t: 128
len t: 128
len t: 128
len t: 128
len t: 128
len t: 128
len t: 128
len t: 128
len t: 128
len t: 128
len t: 128
len t: 128
len t: 128
len t: 128
len t: 128
len t: 128
len t: 128
len t: 128
len t: 128
len t: 128
len t: 128
len t: 128
len t: 128
len t: 128
len t: 128
len t: 128
len t: 128
len t: 128
len t: 128
len t: 128
len t: 128
len t: 128
len t: 128
len t: 128
len t: 128
len t: 128
len t: 128
len t: 128
len t: 128
len t: 128
len t: 128
len t: 128
len t: 128
len t: 128
len t: 128
len t: 128
len t: 128
len t: 128
len t: 128
len t: 128
len t: 128
len t: 128
len t: 128
len t: 128
len t: 128
len t: 128
len t: 128
len t: 128
len t: 128
len t: 128
len t: 128
len t: 128
len t: 128
len t: 128
len t: 128
len t: 128
len t: 128
len t: 128
len t: 128
len t: 128
len t: 128
len t: 128
len t: 128
len t: 128
len t: 128
len t: 128
len t: 128
len t: 128
len t: 128
len t: 128
len t: 128
len t: 128
len t: 128
len t: 128
len t: 128
len t: 128
len t: 128
len t: 128
len t: 128
len t: 128
len t: 128
len t: 128
len t: 128
len t: 128
len t: 128
len t: 128
len t: 128
len t: 128
len t: 128
len t: 128
len t: 128
len t: 128
len t: 128
len t: 128
len t: 128
len t: 128
len t: 128
len t: 128
len t: 128
len t: 128
len t: 128
len t: 128
len t: 128
len t: 128
len t: 128
len t: 128
len t: 128
len t: 128
len t: 128
len t: 128
len t: 128
len t: 128
len t: 128
len t: 128
len t: 128
len t: 128
len t: 128
len t: 128
len t: 128
len t: 128
len t: 128
len t: 128
len t: 128
len t: 128
len t: 128
len t: 128
len t: 128
len t: 128
len t: 128
len t: 128
len t: 128
len t: 128
len t: 128
len t: 128
len t: 128
len t: 128
len t: 128
len t: 128
len t: 128
len t: 128
len t: 128
len t: 128
len t: 128
len t: 128
len t: 128
len t: 128
len t: 128
len t: 128
len t: 128
len t: 128
len t: 128
len t: 128
len t: 128
len t: 128
len t: 128
len t: 128
len t: 128
len t: 128
len t: 128
len t: 128
len t: 128
len t: 128
len t: 128
len t: 128
len t: 128
len t: 128
len t: 128
len t: 128
len t: 128
len t: 128
len t: 128
len t: 128
len t: 128
len t: 128
len t: 128
len t: 128
len t: 128
len t: 128
len t: 128
len t: 128
len t: 128
len t: 128
len t: 128
len t: 128
len t: 128
len t: 128
len t: 128
len t: 128
len t: 128
len t: 128
len t: 128
len t: 128
len t: 128
len t: 128
len t: 128
len t: 128
len t: 128
len t: 128
len t: 128
len t: 128
len t: 128
len t: 128
len t: 128
len t: 128
len t: 128
len t: 128
len t: 128
len t: 128
len t: 128
len t: 128
len t: 128
len t: 128
len t: 128
len t: 128
len t: 128
len t: 128
len t: 128
len t: 128
len t: 128
len t: 128
len t: 128
len t: 128
len t: 128
len t: 128
len t: 128
len t: 128
len t: 128
len t: 128
len t: 128
len t: 128
len t: 128
len t: 128
len t: 128
len t: 128
len t: 128
len t: 128
len t: 128
len t: 128
len t: 128
len t: 128
len t: 128
len t: 128
len t: 128
len t: 128
len t: 128
len t: 128
len t: 128
len t: 128
len t: 128
len t: 128
len t: 128
len t: 128
len t: 128
len t: 128
len t: 128
len t: 128
len t: 128
len t: 128
len t: 128
len t: 128
len t: 128
len t: 128
len t: 128
len t: 128
len t: 128
len t: 128
len t: 128
len t: 128
len t: 128
len t: 128
len t: 128
len t: 128
len t: 128
len t: 128
len t: 128
len t: 128
len t: 128
len t: 128
len t: 128
len t: 128
len t: 128
len t: 128
len t: 128
len t: 128
len t: 128
len t: 128
len t: 128
len t: 128
len t: 128
len t: 128
len t: 128
len t: 128
len t: 128
len t: 128
len t: 128
len t: 128
len t: 128
len t: 128
len t: 128
len t: 128
len t: 128
len t: 128
len t: 128
len t: 128
len t: 128
len t: 128
len t: 128
len t: 128
len t: 128
len t: 128
len t: 128
len t: 128
len t: 128
len t: 128
len t: 128
len t: 128
len t: 128
len t: 128
len t: 128
len t: 128
len t: 128
len t: 128
len t: 128
len t: 128
len t: 128
len t: 128
len t: 128
len t: 128
len t: 128
len t: 128
len t: 128
len t: 128
len t: 128
len t: 128
len t: 128
len t: 128
len t: 128
len t: 128
len t: 128
len t: 128
len t: 128
len t: 128
len t: 128
len t: 128
len t: 128
len t: 128
len t: 128
len t: 128
len t: 128
len t: 128
len t: 128
len t: 128
len t: 128
len t: 128
len t: 128
len t: 128
len t: 128
len t: 128
len t: 128
len t: 128
len t: 128
len t: 128
len t: 128
len t: 128
len t: 128
len t: 128
len t: 128
len t: 128
len t: 128
len t: 128
len t: 128
len t: 128
len t: 128
len t: 128
len t: 128
len t: 128
len t: 128
len t: 128
len t: 128
len t: 128
len t: 128
len t: 128
len t: 128
len t: 128
len t: 128
len t: 128
len t: 128
len t: 128
len t: 128
len t: 128
len t: 128
len t: 128
len t: 128
len t: 128
len t: 128
len t: 128
len t: 128
len t: 128
len t: 128
len t: 128
len t: 128
len t: 128
len t: 128
len t: 128
len t: 128
len t: 128
len t: 128
len t: 128
len t: 128
len t: 128
len t: 128
len t: 128
len t: 128
len t: 128
len t: 128
len t: 128
len t: 128
len t: 128
len t: 128
len t: 128
len t: 128
len t: 128
len t: 128
len t: 128
len t: 128
len t: 128
len t: 128
len t: 128
len t: 128
len t: 128
len t: 128
len t: 128
len t: 128
len t: 128
len t: 128
len t: 128
len t: 128
len t: 128
len t: 128
len t: 128
len t: 128
len t: 128
len t: 128
len t: 128
len t: 128
len t: 128
len t: 128
len t: 128
len t: 128
len t: 128
len t: 128
len t: 128
len t: 128
len t: 128
len t: 128
len t: 128
len t: 128
len t: 128
len t: 128
len t: 128
len t: 128
len t: 128
len t: 128
len t: 128
len t: 128
len t: 128
len t: 128
len t: 128
len t: 128
len t: 128
len t: 128
len t: 128
len t: 128
len t: 128
len t: 128
len t: 128
len t: 128
len t: 128
len t: 128
len t: 128
len t: 128
len t: 128
len t: 128
len t: 128
len t: 128
len t: 128
len t: 128
len t: 128
len t: 128
len t: 128
len t: 128
len t: 128
len t: 128
len t: 128
len t: 128
len t: 128
len t: 128
len t: 128
len t: 128
len t: 128
len t: 128
len t: 128
len t: 128
len t: 128
len t: 128
len t: 128
len t: 128
len t: 128
len t: 128
len t: 128
len t: 128
len t: 128
len t: 128
len t: 128
len t: 128
len t: 128
len t: 128
len t: 128
len t: 128
len t: 128
len t: 128
len t: 128
len t: 128
len t: 128
len t: 128
len t: 128
len t: 128
len t: 128
len t: 128
len t: 128
len t: 128
len t: 128
len t: 128
len t: 128
len t: 128
len t: 128
len t: 128
len t: 128
len t: 128
len t: 128
len t: 128
len t: 128
len t: 128
len t: 128
len t: 128
len t: 128
len t: 128
len t: 128
len t: 128
len t: 128
len t: 128
len t: 128
len t: 128
len t: 128
len t: 128
len t: 128
len t: 128
len t: 128
len t: 128
len t: 128
len t: 128
len t: 128
len t: 128
len t: 128
len t: 128
len t: 128
len t: 128
len t: 128
len t: 128
len t: 128
len t: 128
len t: 128
len t: 128
len t: 128
len t: 128
len t: 128
len t: 128
len t: 128
len t: 128
len t: 128
len t: 128
len t: 128
len t: 128
len t: 128
len t: 128
len t: 128
len t: 128
len t: 128
len t: 128
len t: 128
len t: 128
len t: 128
len t: 128
len t: 128
len t: 128
len t: 128
len t: 128
len t: 128
len t: 128
len t: 128
len t: 128
len t: 128
len t: 128
len t: 128
len t: 128
len t: 128
len t: 128
len t: 128
len t: 128
len t: 128
len t: 128
len t: 128
len t: 128
len t: 128
len t: 128
len t: 128
len t: 128
len t: 128
len t: 128
len t: 128
len t: 128
len t: 128
len t: 128
len t: 128
len t: 128
len t: 128
len t: 128
len t: 128
len t: 128
len t: 128
len t: 128
len t: 128
len t: 128
len t: 128
len t: 128
len t: 128
len t: 128
len t: 128
len t: 128
len t: 128
len t: 128
len t: 128
len t: 128
len t: 128
len t: 119
prepare saved predictions
Namespace(config='configs/esim.json', model='esim', overwrite=True, preprocessing=False, resume_training=False)
variables: {'___root_dir___': '/scratch/fz758/ucl', '___train_rte___': '___save_dir___', '___inference_rte___': '___save_dir___', '___aggregator___': '___save_dir___', '___score___': '___save_dir___', '___reader___': 'reader', '___rerank___': '___save_dir___', '___save_dir___': 'esim', '___model_name___': 'pytorch_esim'}
